[0730/221330.169:ERROR:process_reader_win.cc(151)] SuspendThread: 拒绝访问。 (0x5)
[0730/221330.173:ERROR:process_reader_win.cc(151)] SuspendThread: 拒绝访问。 (0x5)
[0730/221330.174:ERROR:process_reader_win.cc(151)] SuspendThread: 拒绝访问。 (0x5)
[0730/221330.174:ERROR:process_reader_win.cc(151)] SuspendThread: 拒绝访问。 (0x5)
[0730/221330.174:ERROR:process_reader_win.cc(151)] SuspendThread: 拒绝访问。 (0x5)
[0730/221330.174:ERROR:process_reader_win.cc(151)] SuspendThread: 拒绝访问。 (0x5)
[0730/221330.174:ERROR:process_reader_win.cc(151)] SuspendThread: 拒绝访问。 (0x5)
[0730/221330.174:ERROR:process_reader_win.cc(151)] SuspendThread: 拒绝访问。 (0x5)
[0730/221330.174:ERROR:process_reader_win.cc(151)] SuspendThread: 拒绝访问。 (0x5)
[0730/221330.175:ERROR:process_reader_win.cc(151)] SuspendThread: 拒绝访问。 (0x5)
[0730/221330.175:ERROR:process_reader_win.cc(151)] SuspendThread: 拒绝访问。 (0x5)
[0730/221330.175:ERROR:process_reader_win.cc(123)] NtOpenThread: {无法访问} 过程已请求访问一对象，但未给访问权限。 (0xc0000022)
[0730/221330.180:ERROR:exception_snapshot_win.cc(98)] thread ID 6856 not found in process
[0730/221330.230:ERROR:process_reader_win.cc(123)] NtOpenThread: {无法访问} 过程已请求访问一对象，但未给访问权限。 (0xc0000022)
[0730/221330.233:ERROR:process_reader_win.cc(123)] NtOpenThread: {无法访问} 过程已请求访问一对象，但未给访问权限。 (0xc0000022)
[0730/221330.233:ERROR:exception_snapshot_win.cc(98)] thread ID 4760 not found in process
[0730/221330.234:ERROR:exception_snapshot_win.cc(98)] thread ID 16928 not found in process
[0731/013216.199:ERROR:process_reader_win.cc(123)] NtOpenThread: {无法访问} 过程已请求访问一对象，但未给访问权限。 (0xc0000022)
[0731/013216.202:ERROR:exception_snapshot_win.cc(98)] thread ID 14384 not found in process
[0731/013216.227:ERROR:process_reader_win.cc(123)] NtOpenThread: {无法访问} 过程已请求访问一对象，但未给访问权限。 (0xc0000022)
[0731/013216.227:ERROR:exception_snapshot_win.cc(98)] thread ID 15896 not found in process
[0731/234218.093:ERROR:process_info.cc(329)] VirtualQueryEx: 拒绝访问。 (0x5)
[0731/234218.094:ERROR:process_info.cc(556)] ReadMemoryInfo failed
[0731/234218.094:ERROR:scoped_process_suspend.cc(40)] NtResumeProcess: 已尝试访问正在退出的过程。 (0xc000010a)
[0801/205342.595:ERROR:process_reader_win.cc(123)] NtOpenThread: {无法访问} 过程已请求访问一对象，但未给访问权限。 (0xc0000022)
[0801/205342.597:ERROR:exception_snapshot_win.cc(98)] thread ID 16760 not found in process
[0801/205342.650:ERROR:process_reader_win.cc(123)] NtOpenThread: {无法访问} 过程已请求访问一对象，但未给访问权限。 (0xc0000022)
[0801/205342.650:ERROR:exception_snapshot_win.cc(98)] thread ID 16132 not found in process
[0801/205342.650:ERROR:scoped_process_suspend.cc(40)] NtResumeProcess: 已尝试访问正在退出的过程。 (0xc000010a)
[0801/205526.345:ERROR:process_reader_win.cc(123)] NtOpenThread: {无法访问} 过程已请求访问一对象，但未给访问权限。 (0xc0000022)
[0801/205526.346:ERROR:exception_snapshot_win.cc(98)] thread ID 12544 not found in process
[0801/205526.367:ERROR:process_reader_win.cc(123)] NtOpenThread: {无法访问} 过程已请求访问一对象，但未给访问权限。 (0xc0000022)
[0801/205526.367:ERROR:exception_snapshot_win.cc(98)] thread ID 12748 not found in process
[0801/205526.368:ERROR:scoped_process_suspend.cc(40)] NtResumeProcess: 已尝试访问正在退出的过程。 (0xc000010a)
[0801/205811.277:ERROR:process_reader_win.cc(151)] SuspendThread: 拒绝访问。 (0x5)
[0801/205811.281:ERROR:process_reader_win.cc(151)] SuspendThread: 拒绝访问。 (0x5)
[0801/205811.281:ERROR:process_reader_win.cc(151)] SuspendThread: 拒绝访问。 (0x5)
[0801/205811.284:ERROR:process_reader_win.cc(151)] SuspendThread: 拒绝访问。 (0x5)
[0801/205811.284:ERROR:process_reader_win.cc(151)] SuspendThread: 拒绝访问。 (0x5)
[0801/205811.284:ERROR:process_reader_win.cc(123)] NtOpenThread: {无法访问} 过程已请求访问一对象，但未给访问权限。 (0xc0000022)
[0801/205811.285:ERROR:exception_snapshot_win.cc(98)] thread ID 14136 not found in process
[0801/205811.304:ERROR:process_reader_win.cc(123)] NtOpenThread: {无法访问} 过程已请求访问一对象，但未给访问权限。 (0xc0000022)
[0801/205811.305:ERROR:exception_snapshot_win.cc(98)] thread ID 16968 not found in process
[0802/214433.315:ERROR:process_reader_win.cc(151)] SuspendThread: 拒绝访问。 (0x5)
[0802/214433.318:ERROR:process_reader_win.cc(151)] SuspendThread: 拒绝访问。 (0x5)
[0802/214433.319:ERROR:process_reader_win.cc(123)] NtOpenThread: {无法访问} 过程已请求访问一对象，但未给访问权限。 (0xc0000022)
[0802/214433.321:ERROR:exception_snapshot_win.cc(98)] thread ID 4020 not found in process
[0802/214433.336:ERROR:process_reader_win.cc(123)] NtOpenThread: {无法访问} 过程已请求访问一对象，但未给访问权限。 (0xc0000022)
[0802/214433.336:ERROR:exception_snapshot_win.cc(98)] thread ID 18144 not found in process
[0804/212421.333:ERROR:process_reader_win.cc(123)] NtOpenThread: {无法访问} 过程已请求访问一对象，但未给访问权限。 (0xc0000022)
[0804/212421.334:ERROR:exception_snapshot_win.cc(98)] thread ID 19392 not found in process
[0804/212421.363:ERROR:process_reader_win.cc(123)] NtOpenThread: {无法访问} 过程已请求访问一对象，但未给访问权限。 (0xc0000022)
[0804/212421.363:ERROR:exception_snapshot_win.cc(98)] thread ID 16828 not found in process
[0804/212746.970:ERROR:process_reader_win.cc(123)] NtOpenThread: {无法访问} 过程已请求访问一对象，但未给访问权限。 (0xc0000022)
[0804/212746.972:ERROR:exception_snapshot_win.cc(98)] thread ID 15500 not found in process
[0804/212746.995:ERROR:process_reader_win.cc(123)] NtOpenThread: {无法访问} 过程已请求访问一对象，但未给访问权限。 (0xc0000022)
[0804/212746.995:ERROR:exception_snapshot_win.cc(98)] thread ID 7036 not found in process
[0804/212858.038:ERROR:process_reader_win.cc(151)] SuspendThread: 拒绝访问。 (0x5)
[0804/212858.039:ERROR:process_reader_win.cc(151)] SuspendThread: 拒绝访问。 (0x5)
[0804/212858.039:ERROR:process_reader_win.cc(123)] NtOpenThread: {无法访问} 过程已请求访问一对象，但未给访问权限。 (0xc0000022)
[0804/212858.040:ERROR:exception_snapshot_win.cc(98)] thread ID 8948 not found in process
[0804/212858.073:ERROR:process_reader_win.cc(123)] NtOpenThread: {无法访问} 过程已请求访问一对象，但未给访问权限。 (0xc0000022)
[0804/212858.073:ERROR:exception_snapshot_win.cc(98)] thread ID 13564 not found in process
[0809/043336.686:ERROR:process_reader_win.cc(123)] NtOpenThread: {无法访问} 过程已请求访问一对象，但未给访问权限。 (0xc0000022)
[0809/043336.688:ERROR:exception_snapshot_win.cc(98)] thread ID 9964 not found in process
[0809/043336.709:ERROR:process_reader_win.cc(123)] NtOpenThread: {无法访问} 过程已请求访问一对象，但未给访问权限。 (0xc0000022)
[0809/043336.709:ERROR:exception_snapshot_win.cc(98)] thread ID 8780 not found in process
[0809/043839.224:ERROR:process_reader_win.cc(123)] NtOpenThread: {无法访问} 过程已请求访问一对象，但未给访问权限。 (0xc0000022)
[0809/043839.228:ERROR:exception_snapshot_win.cc(98)] thread ID 8880 not found in process
[0809/043839.284:ERROR:process_reader_win.cc(123)] NtOpenThread: {无法访问} 过程已请求访问一对象，但未给访问权限。 (0xc0000022)
[0809/043839.284:ERROR:exception_snapshot_win.cc(98)] thread ID 7664 not found in process
[0811/161436.659:ERROR:process_reader_win.cc(123)] NtOpenThread: {无法访问} 过程已请求访问一对象，但未给访问权限。 (0xc0000022)
[0811/161436.661:ERROR:exception_snapshot_win.cc(98)] thread ID 12564 not found in process
[0811/161436.687:ERROR:process_reader_win.cc(123)] NtOpenThread: {无法访问} 过程已请求访问一对象，但未给访问权限。 (0xc0000022)
[0811/161436.687:ERROR:exception_snapshot_win.cc(98)] thread ID 8 not found in process
[0812/214718.604:ERROR:process_reader_win.cc(123)] NtOpenThread: {无法访问} 过程已请求访问一对象，但未给访问权限。 (0xc0000022)
[0812/214718.606:ERROR:exception_snapshot_win.cc(98)] thread ID 17268 not found in process
[0812/214718.637:ERROR:process_reader_win.cc(123)] NtOpenThread: {无法访问} 过程已请求访问一对象，但未给访问权限。 (0xc0000022)
[0812/214718.637:ERROR:exception_snapshot_win.cc(98)] thread ID 4888 not found in process
[0812/222504.204:ERROR:process_reader_win.cc(123)] NtOpenThread: {无法访问} 过程已请求访问一对象，但未给访问权限。 (0xc0000022)
[0812/222504.206:ERROR:exception_snapshot_win.cc(98)] thread ID 14952 not found in process
[0812/222504.238:ERROR:process_reader_win.cc(123)] NtOpenThread: {无法访问} 过程已请求访问一对象，但未给访问权限。 (0xc0000022)
[0812/222504.239:ERROR:exception_snapshot_win.cc(98)] thread ID 9808 not found in process
[0812/225034.364:ERROR:process_reader_win.cc(123)] NtOpenThread: {无法访问} 过程已请求访问一对象，但未给访问权限。 (0xc0000022)
[0812/225034.366:ERROR:exception_snapshot_win.cc(98)] thread ID 12604 not found in process
[0812/225034.398:ERROR:process_reader_win.cc(123)] NtOpenThread: {无法访问} 过程已请求访问一对象，但未给访问权限。 (0xc0000022)
[0812/225034.398:ERROR:exception_snapshot_win.cc(98)] thread ID 15080 not found in process
[0824/131536.748:ERROR:process_reader_win.cc(123)] NtOpenThread: {无法访问} 过程已请求访问一对象，但未给访问权限。 (0xc0000022)
[0824/131536.750:ERROR:exception_snapshot_win.cc(98)] thread ID 10668 not found in process
[0824/131536.798:ERROR:process_reader_win.cc(123)] NtOpenThread: {无法访问} 过程已请求访问一对象，但未给访问权限。 (0xc0000022)
[0824/131536.798:ERROR:exception_snapshot_win.cc(98)] thread ID 16716 not found in process
[0825/154935.545:ERROR:process_reader_win.cc(123)] NtOpenThread: {无法访问} 过程已请求访问一对象，但未给访问权限。 (0xc0000022)
[0825/154935.550:ERROR:exception_snapshot_win.cc(98)] thread ID 3680 not found in process
[0825/154935.585:ERROR:process_reader_win.cc(123)] NtOpenThread: {无法访问} 过程已请求访问一对象，但未给访问权限。 (0xc0000022)
[0825/154935.585:ERROR:exception_snapshot_win.cc(98)] thread ID 12972 not found in process
[0825/165619.325:ERROR:process_reader_win.cc(123)] NtOpenThread: {无法访问} 过程已请求访问一对象，但未给访问权限。 (0xc0000022)
[0825/165619.326:ERROR:exception_snapshot_win.cc(98)] thread ID 7804 not found in process
[0825/165619.346:ERROR:process_reader_win.cc(123)] NtOpenThread: {无法访问} 过程已请求访问一对象，但未给访问权限。 (0xc0000022)
[0825/165619.346:ERROR:exception_snapshot_win.cc(98)] thread ID 8228 not found in process
[0827/001431.217:ERROR:process_reader_win.cc(123)] NtOpenThread: {无法访问} 过程已请求访问一对象，但未给访问权限。 (0xc0000022)
[0827/001431.219:ERROR:exception_snapshot_win.cc(98)] thread ID 17176 not found in process
[0827/001431.236:ERROR:process_reader_win.cc(123)] NtOpenThread: {无法访问} 过程已请求访问一对象，但未给访问权限。 (0xc0000022)
[0827/001431.236:ERROR:exception_snapshot_win.cc(98)] thread ID 8088 not found in process
[0827/001537.849:ERROR:process_reader_win.cc(151)] SuspendThread: 拒绝访问。 (0x5)
[0827/001537.852:ERROR:process_reader_win.cc(151)] SuspendThread: 拒绝访问。 (0x5)
[0827/001537.852:ERROR:process_reader_win.cc(151)] SuspendThread: 拒绝访问。 (0x5)
[0827/001537.854:ERROR:process_reader_win.cc(151)] SuspendThread: 拒绝访问。 (0x5)
[0827/001537.854:ERROR:process_reader_win.cc(123)] NtOpenThread: {无法访问} 过程已请求访问一对象，但未给访问权限。 (0xc0000022)
[0827/001537.854:ERROR:exception_snapshot_win.cc(98)] thread ID 9132 not found in process
[0827/001537.887:ERROR:process_reader_win.cc(123)] NtOpenThread: {无法访问} 过程已请求访问一对象，但未给访问权限。 (0xc0000022)
[0827/001537.887:ERROR:exception_snapshot_win.cc(98)] thread ID 10432 not found in process
[0827/001537.887:ERROR:scoped_process_suspend.cc(40)] NtResumeProcess: 已尝试访问正在退出的过程。 (0xc000010a)
[0828/005436.277:ERROR:process_reader_win.cc(123)] NtOpenThread: {无法访问} 过程已请求访问一对象，但未给访问权限。 (0xc0000022)
[0828/005436.279:ERROR:exception_snapshot_win.cc(98)] thread ID 19424 not found in process
[0828/005436.300:ERROR:process_reader_win.cc(123)] NtOpenThread: {无法访问} 过程已请求访问一对象，但未给访问权限。 (0xc0000022)
[0828/005436.300:ERROR:exception_snapshot_win.cc(98)] thread ID 6112 not found in process
[0828/005436.300:ERROR:scoped_process_suspend.cc(40)] NtResumeProcess: 已尝试访问正在退出的过程。 (0xc000010a)
[0910/005813.965:ERROR:process_reader_win.cc(123)] NtOpenThread: {无法访问} 过程已请求访问一对象，但未给访问权限。 (0xc0000022)
[0910/005813.967:ERROR:exception_snapshot_win.cc(99)] thread ID 7640 not found in process
[0910/005814.085:ERROR:process_reader_win.cc(123)] NtOpenThread: {无法访问} 过程已请求访问一对象，但未给访问权限。 (0xc0000022)
[0910/005814.085:ERROR:exception_snapshot_win.cc(99)] thread ID 2176 not found in process
[0914/211958.694:ERROR:process_reader_win.cc(123)] NtOpenThread: {无法访问} 过程已请求访问一对象，但未给访问权限。 (0xc0000022)
[0914/211958.695:ERROR:exception_snapshot_win.cc(99)] thread ID 5996 not found in process
[0914/211958.749:ERROR:process_reader_win.cc(123)] NtOpenThread: {无法访问} 过程已请求访问一对象，但未给访问权限。 (0xc0000022)
[0914/211958.749:ERROR:exception_snapshot_win.cc(99)] thread ID 13296 not found in process
[0914/211959.398:ERROR:process_reader_win.cc(123)] NtOpenThread: {无法访问} 过程已请求访问一对象，但未给访问权限。 (0xc0000022)
[0914/211959.399:ERROR:exception_snapshot_win.cc(99)] thread ID 15192 not found in process
[0914/211959.448:ERROR:process_reader_win.cc(123)] NtOpenThread: {无法访问} 过程已请求访问一对象，但未给访问权限。 (0xc0000022)
[0914/211959.448:ERROR:exception_snapshot_win.cc(99)] thread ID 10732 not found in process
[0914/212511.457:ERROR:process_reader_win.cc(123)] NtOpenThread: {无法访问} 过程已请求访问一对象，但未给访问权限。 (0xc0000022)
[0914/212511.458:ERROR:exception_snapshot_win.cc(99)] thread ID 9700 not found in process
[0914/212511.558:ERROR:process_reader_win.cc(123)] NtOpenThread: {无法访问} 过程已请求访问一对象，但未给访问权限。 (0xc0000022)
[0914/212511.559:ERROR:exception_snapshot_win.cc(99)] thread ID 1196 not found in process
[0914/212958.835:ERROR:process_reader_win.cc(123)] NtOpenThread: {无法访问} 过程已请求访问一对象，但未给访问权限。 (0xc0000022)
[0914/212958.836:ERROR:exception_snapshot_win.cc(99)] thread ID 5664 not found in process
[0914/212958.851:ERROR:process_reader_win.cc(123)] NtOpenThread: {无法访问} 过程已请求访问一对象，但未给访问权限。 (0xc0000022)
[0914/212958.851:ERROR:exception_snapshot_win.cc(99)] thread ID 1820 not found in process
[0914/213140.594:ERROR:process_reader_win.cc(123)] NtOpenThread: {无法访问} 过程已请求访问一对象，但未给访问权限。 (0xc0000022)
[0914/213140.596:ERROR:exception_snapshot_win.cc(99)] thread ID 14556 not found in process
[0914/213140.617:ERROR:process_reader_win.cc(123)] NtOpenThread: {无法访问} 过程已请求访问一对象，但未给访问权限。 (0xc0000022)
[0914/213140.617:ERROR:exception_snapshot_win.cc(99)] thread ID 14464 not found in process
[0916/200839.459:ERROR:process_reader_win.cc(123)] NtOpenThread: {无法访问} 过程已请求访问一对象，但未给访问权限。 (0xc0000022)
[0916/200839.460:ERROR:exception_snapshot_win.cc(99)] thread ID 10668 not found in process
[0916/200839.523:ERROR:process_reader_win.cc(123)] NtOpenThread: {无法访问} 过程已请求访问一对象，但未给访问权限。 (0xc0000022)
[0916/200839.523:ERROR:exception_snapshot_win.cc(99)] thread ID 15220 not found in process
[0916/200839.595:ERROR:process_reader_win.cc(123)] NtOpenThread: {无法访问} 过程已请求访问一对象，但未给访问权限。 (0xc0000022)
[0916/200839.595:ERROR:exception_snapshot_win.cc(99)] thread ID 10776 not found in process
[0917/154828.939:ERROR:process_reader_win.cc(123)] NtOpenThread: {无法访问} 过程已请求访问一对象，但未给访问权限。 (0xc0000022)
[0917/154828.941:ERROR:exception_snapshot_win.cc(99)] thread ID 17880 not found in process
[0917/154828.961:ERROR:process_reader_win.cc(123)] NtOpenThread: {无法访问} 过程已请求访问一对象，但未给访问权限。 (0xc0000022)
[0917/154828.961:ERROR:exception_snapshot_win.cc(99)] thread ID 16984 not found in process
[0917/154828.939:ERROR:process_reader_win.cc(123)] NtOpenThread: {无法访问} 过程已请求访问一对象，但未给访问权限。 (0xc0000022)
[0917/154829.051:ERROR:exception_snapshot_win.cc(99)] thread ID 6036 not found in process
[0917/154829.051:ERROR:scoped_process_suspend.cc(40)] NtResumeProcess: 已尝试访问正在退出的过程。 (0xc000010a)
[0917/160205.547:ERROR:process_reader_win.cc(151)] SuspendThread: 拒绝访问。 (0x5)
[0917/160205.551:ERROR:process_reader_win.cc(151)] SuspendThread: 拒绝访问。 (0x5)
[0917/160205.554:ERROR:process_reader_win.cc(151)] SuspendThread: 拒绝访问。 (0x5)
[0917/160205.555:ERROR:process_reader_win.cc(123)] NtOpenThread: {无法访问} 过程已请求访问一对象，但未给访问权限。 (0xc0000022)
[0917/160205.556:ERROR:exception_snapshot_win.cc(99)] thread ID 16508 not found in process
[0917/160205.576:ERROR:process_reader_win.cc(123)] NtOpenThread: {无法访问} 过程已请求访问一对象，但未给访问权限。 (0xc0000022)
[0917/160205.576:ERROR:exception_snapshot_win.cc(99)] thread ID 7240 not found in process
[0917/161333.433:ERROR:process_reader_win.cc(151)] SuspendThread: 拒绝访问。 (0x5)
[0917/161333.436:ERROR:process_reader_win.cc(123)] NtOpenThread: {无法访问} 过程已请求访问一对象，但未给访问权限。 (0xc0000022)
[0917/161333.448:ERROR:exception_snapshot_win.cc(99)] thread ID 14624 not found in process
[0917/161333.486:ERROR:process_reader_win.cc(123)] NtOpenThread: {无法访问} 过程已请求访问一对象，但未给访问权限。 (0xc0000022)
[0917/161333.486:ERROR:exception_snapshot_win.cc(99)] thread ID 3508 not found in process
[0917/201540.231:ERROR:process_reader_win.cc(151)] SuspendThread: 拒绝访问。 (0x5)
[0917/201540.232:ERROR:process_reader_win.cc(151)] SuspendThread: 拒绝访问。 (0x5)
[0917/201540.234:ERROR:process_reader_win.cc(151)] SuspendThread: 拒绝访问。 (0x5)
[0917/201540.260:ERROR:process_reader_win.cc(151)] SuspendThread: 拒绝访问。 (0x5)
[0917/201540.263:ERROR:process_reader_win.cc(151)] SuspendThread: 拒绝访问。 (0x5)
[0917/201540.263:ERROR:process_reader_win.cc(151)] SuspendThread: 拒绝访问。 (0x5)
[0917/201540.263:ERROR:process_reader_win.cc(151)] SuspendThread: 拒绝访问。 (0x5)
[0917/201540.263:ERROR:process_reader_win.cc(151)] SuspendThread: 拒绝访问。 (0x5)
[0917/201540.263:ERROR:process_reader_win.cc(151)] SuspendThread: 拒绝访问。 (0x5)
[0917/201540.265:ERROR:process_reader_win.cc(151)] SuspendThread: 拒绝访问。 (0x5)
[0917/201540.265:ERROR:process_reader_win.cc(151)] SuspendThread: 拒绝访问。 (0x5)
[0917/201540.269:ERROR:process_reader_win.cc(151)] SuspendThread: 拒绝访问。 (0x5)
[0917/201540.269:ERROR:process_reader_win.cc(151)] SuspendThread: 拒绝访问。 (0x5)
[0917/201540.272:ERROR:process_reader_win.cc(151)] SuspendThread: 拒绝访问。 (0x5)
[0917/201540.272:ERROR:process_reader_win.cc(151)] SuspendThread: 拒绝访问。 (0x5)
[0917/201540.272:ERROR:process_reader_win.cc(151)] SuspendThread: 拒绝访问。 (0x5)
[0917/201540.272:ERROR:process_reader_win.cc(151)] SuspendThread: 拒绝访问。 (0x5)
[0917/201540.272:ERROR:process_reader_win.cc(151)] SuspendThread: 拒绝访问。 (0x5)
[0917/201540.272:ERROR:process_reader_win.cc(151)] SuspendThread: 拒绝访问。 (0x5)
[0917/201540.280:ERROR:process_reader_win.cc(151)] SuspendThread: 拒绝访问。 (0x5)
[0917/201540.282:ERROR:process_reader_win.cc(151)] SuspendThread: 拒绝访问。 (0x5)
[0917/201540.284:ERROR:process_reader_win.cc(151)] SuspendThread: 拒绝访问。 (0x5)
[0917/201540.284:ERROR:process_reader_win.cc(151)] SuspendThread: 拒绝访问。 (0x5)
[0917/201540.284:ERROR:process_reader_win.cc(151)] SuspendThread: 拒绝访问。 (0x5)
[0917/201540.286:ERROR:process_reader_win.cc(151)] SuspendThread: 拒绝访问。 (0x5)
[0917/201540.288:ERROR:process_reader_win.cc(151)] SuspendThread: 拒绝访问。 (0x5)
[0917/201540.288:ERROR:process_reader_win.cc(151)] SuspendThread: 拒绝访问。 (0x5)
[0917/201540.288:ERROR:process_reader_win.cc(151)] SuspendThread: 拒绝访问。 (0x5)
[0917/201540.288:ERROR:process_reader_win.cc(151)] SuspendThread: 拒绝访问。 (0x5)
[0917/201540.288:ERROR:process_reader_win.cc(151)] SuspendThread: 拒绝访问。 (0x5)
[0917/201540.290:ERROR:process_reader_win.cc(151)] SuspendThread: 拒绝访问。 (0x5)
[0917/201540.290:ERROR:process_reader_win.cc(123)] NtOpenThread: {无法访问} 过程已请求访问一对象，但未给访问权限。 (0xc0000022)
[0917/201540.291:ERROR:exception_snapshot_win.cc(99)] thread ID 14176 not found in process
[0917/201540.311:ERROR:process_reader_win.cc(123)] NtOpenThread: {无法访问} 过程已请求访问一对象，但未给访问权限。 (0xc0000022)
[0917/201540.311:ERROR:exception_snapshot_win.cc(99)] thread ID 15020 not found in process
[0917/201818.455:ERROR:process_reader_win.cc(151)] SuspendThread: 拒绝访问。 (0x5)
[0917/201818.467:ERROR:process_reader_win.cc(151)] SuspendThread: 拒绝访问。 (0x5)
[0917/201818.474:ERROR:process_reader_win.cc(151)] SuspendThread: 拒绝访问。 (0x5)
[0917/201818.476:ERROR:process_reader_win.cc(151)] SuspendThread: 拒绝访问。 (0x5)
[0917/201818.477:ERROR:process_reader_win.cc(123)] NtOpenThread: {无法访问} 过程已请求访问一对象，但未给访问权限。 (0xc0000022)
[0917/201818.477:ERROR:exception_snapshot_win.cc(99)] thread ID 13048 not found in process
[0917/201818.495:ERROR:process_reader_win.cc(123)] NtOpenThread: {无法访问} 过程已请求访问一对象，但未给访问权限。 (0xc0000022)
[0917/201818.495:ERROR:exception_snapshot_win.cc(99)] thread ID 14332 not found in process
[0917/232032.857:ERROR:process_reader_win.cc(123)] NtOpenThread: {无法访问} 过程已请求访问一对象，但未给访问权限。 (0xc0000022)
[0917/232032.857:ERROR:exception_snapshot_win.cc(99)] thread ID 13488 not found in process
[0917/232032.916:ERROR:process_reader_win.cc(123)] NtOpenThread: {无法访问} 过程已请求访问一对象，但未给访问权限。 (0xc0000022)
[0917/232032.916:ERROR:exception_snapshot_win.cc(99)] thread ID 18352 not found in process
[0918/003252.567:ERROR:process_reader_win.cc(123)] NtOpenThread: {无法访问} 过程已请求访问一对象，但未给访问权限。 (0xc0000022)
[0918/003252.568:ERROR:exception_snapshot_win.cc(99)] thread ID 16852 not found in process
[0918/003252.605:ERROR:process_reader_win.cc(151)] SuspendThread: 拒绝访问。 (0x5)
[0918/003252.608:ERROR:process_reader_win.cc(151)] SuspendThread: 拒绝访问。 (0x5)
[0918/003252.609:ERROR:process_reader_win.cc(151)] SuspendThread: 拒绝访问。 (0x5)
[0918/003252.609:ERROR:process_reader_win.cc(123)] NtOpenThread: {无法访问} 过程已请求访问一对象，但未给访问权限。 (0xc0000022)
[0918/003252.609:ERROR:exception_snapshot_win.cc(99)] thread ID 5656 not found in process
[0918/010948.547:ERROR:process_reader_win.cc(123)] NtOpenThread: {无法访问} 过程已请求访问一对象，但未给访问权限。 (0xc0000022)
[0918/010948.548:ERROR:exception_snapshot_win.cc(99)] thread ID 8744 not found in process
[0918/010948.664:ERROR:process_reader_win.cc(151)] SuspendThread: 拒绝访问。 (0x5)
[0918/010948.668:ERROR:process_reader_win.cc(151)] SuspendThread: 拒绝访问。 (0x5)
[0918/010948.668:ERROR:process_reader_win.cc(151)] SuspendThread: 拒绝访问。 (0x5)
[0918/010948.670:ERROR:process_reader_win.cc(151)] SuspendThread: 拒绝访问。 (0x5)
[0918/010948.670:ERROR:process_reader_win.cc(151)] SuspendThread: 拒绝访问。 (0x5)
[0918/010948.673:ERROR:process_reader_win.cc(151)] SuspendThread: 拒绝访问。 (0x5)
[0918/010948.673:ERROR:process_reader_win.cc(123)] NtOpenThread: {无法访问} 过程已请求访问一对象，但未给访问权限。 (0xc0000022)
[0918/010948.673:ERROR:exception_snapshot_win.cc(99)] thread ID 12360 not found in process
[0918/083253.178:ERROR:process_reader_win.cc(151)] SuspendThread: 拒绝访问。 (0x5)
[0918/083253.181:ERROR:process_reader_win.cc(151)] SuspendThread: 拒绝访问。 (0x5)
[0918/083253.181:ERROR:process_reader_win.cc(151)] SuspendThread: 拒绝访问。 (0x5)
[0918/083253.188:ERROR:process_reader_win.cc(151)] SuspendThread: 拒绝访问。 (0x5)
[0918/083253.189:ERROR:process_reader_win.cc(151)] SuspendThread: 拒绝访问。 (0x5)
[0918/083253.191:ERROR:process_reader_win.cc(151)] SuspendThread: 拒绝访问。 (0x5)
[0918/083253.191:ERROR:process_reader_win.cc(123)] NtOpenThread: {无法访问} 过程已请求访问一对象，但未给访问权限。 (0xc0000022)
[0918/083253.192:ERROR:exception_snapshot_win.cc(99)] thread ID 2464 not found in process
[0918/083253.199:ERROR:process_reader_win.cc(123)] NtOpenThread: {无法访问} 过程已请求访问一对象，但未给访问权限。 (0xc0000022)
[0918/083253.199:ERROR:exception_snapshot_win.cc(99)] thread ID 15616 not found in process
[0919/135346.257:ERROR:process_reader_win.cc(123)] NtOpenThread: {无法访问} 过程已请求访问一对象，但未给访问权限。 (0xc0000022)
[0919/135346.260:ERROR:exception_snapshot_win.cc(99)] thread ID 4704 not found in process
[0919/135346.325:ERROR:process_reader_win.cc(123)] NtOpenThread: {无法访问} 过程已请求访问一对象，但未给访问权限。 (0xc0000022)
[0919/135346.325:ERROR:exception_snapshot_win.cc(99)] thread ID 11688 not found in process
[0921/102307.575:ERROR:process_reader_win.cc(123)] NtOpenThread: {无法访问} 过程已请求访问一对象，但未给访问权限。 (0xc0000022)
[0921/102307.577:ERROR:exception_snapshot_win.cc(99)] thread ID 12800 not found in process
[0921/102307.646:ERROR:process_reader_win.cc(123)] NtOpenThread: {无法访问} 过程已请求访问一对象，但未给访问权限。 (0xc0000022)
[0921/102307.646:ERROR:exception_snapshot_win.cc(99)] thread ID 7060 not found in process
[0921/102546.677:ERROR:process_reader_win.cc(123)] NtOpenThread: {无法访问} 过程已请求访问一对象，但未给访问权限。 (0xc0000022)
[0921/102546.679:ERROR:exception_snapshot_win.cc(99)] thread ID 13032 not found in process
[0921/102546.686:ERROR:process_reader_win.cc(123)] NtOpenThread: {无法访问} 过程已请求访问一对象，但未给访问权限。 (0xc0000022)
[0921/102546.686:ERROR:exception_snapshot_win.cc(99)] thread ID 9740 not found in process
[0921/102756.326:ERROR:process_reader_win.cc(123)] NtOpenThread: {无法访问} 过程已请求访问一对象，但未给访问权限。 (0xc0000022)
[0921/102756.327:ERROR:exception_snapshot_win.cc(99)] thread ID 8004 not found in process
[0921/102756.357:ERROR:process_reader_win.cc(151)] SuspendThread: 拒绝访问。 (0x5)
[0921/102756.359:ERROR:process_reader_win.cc(151)] SuspendThread: 拒绝访问。 (0x5)
[0921/102756.362:ERROR:process_reader_win.cc(151)] SuspendThread: 拒绝访问。 (0x5)
[0921/102756.362:ERROR:process_reader_win.cc(123)] NtOpenThread: {无法访问} 过程已请求访问一对象，但未给访问权限。 (0xc0000022)
[0921/102756.362:ERROR:exception_snapshot_win.cc(99)] thread ID 11828 not found in process
[0928/185726.900:ERROR:process_reader_win.cc(151)] SuspendThread: 拒绝访问。 (0x5)
[0928/185726.903:ERROR:process_reader_win.cc(151)] SuspendThread: 拒绝访问。 (0x5)
[0928/185726.904:ERROR:process_reader_win.cc(123)] NtOpenThread: {无法访问} 过程已请求访问一对象，但未给访问权限。 (0xc0000022)
[0928/185726.906:ERROR:exception_snapshot_win.cc(99)] thread ID 5520 not found in process
[0928/185726.925:ERROR:process_reader_win.cc(123)] NtOpenThread: {无法访问} 过程已请求访问一对象，但未给访问权限。 (0xc0000022)
[0928/185726.925:ERROR:exception_snapshot_win.cc(99)] thread ID 14808 not found in process
[0929/180715.714:ERROR:process_reader_win.cc(123)] NtOpenThread: {无法访问} 过程已请求访问一对象，但未给访问权限。 (0xc0000022)
[0929/180715.717:ERROR:exception_snapshot_win.cc(99)] thread ID 2864 not found in process
[0929/180715.720:ERROR:process_reader_win.cc(123)] NtOpenThread: {无法访问} 过程已请求访问一对象，但未给访问权限。 (0xc0000022)
[0929/180715.720:ERROR:exception_snapshot_win.cc(99)] thread ID 9384 not found in process
[0929/180856.085:ERROR:process_reader_win.cc(123)] NtOpenThread: {无法访问} 过程已请求访问一对象，但未给访问权限。 (0xc0000022)
[0929/180856.086:ERROR:exception_snapshot_win.cc(99)] thread ID 5164 not found in process
[0929/180856.107:ERROR:process_reader_win.cc(123)] NtOpenThread: {无法访问} 过程已请求访问一对象，但未给访问权限。 (0xc0000022)
[0929/180856.108:ERROR:exception_snapshot_win.cc(99)] thread ID 6940 not found in process
[0929/180856.112:ERROR:scoped_process_suspend.cc(40)] NtResumeProcess: 已尝试访问正在退出的过程。 (0xc000010a)
[0929/223523.148:ERROR:process_reader_win.cc(151)] SuspendThread: 拒绝访问。 (0x5)
[0929/223523.149:ERROR:process_reader_win.cc(151)] SuspendThread: 拒绝访问。 (0x5)
[0929/223523.149:ERROR:process_reader_win.cc(123)] NtOpenThread: {无法访问} 过程已请求访问一对象，但未给访问权限。 (0xc0000022)
[0929/223523.154:ERROR:exception_snapshot_win.cc(99)] thread ID 11380 not found in process
[0929/223523.155:ERROR:process_reader_win.cc(151)] SuspendThread: 拒绝访问。 (0x5)
[0929/223523.157:ERROR:process_reader_win.cc(151)] SuspendThread: 拒绝访问。 (0x5)
[0929/223523.159:ERROR:process_reader_win.cc(151)] SuspendThread: 拒绝访问。 (0x5)
[0929/223523.160:ERROR:process_reader_win.cc(151)] SuspendThread: 拒绝访问。 (0x5)
[0929/223523.160:ERROR:process_reader_win.cc(151)] SuspendThread: 拒绝访问。 (0x5)
[0929/223523.163:ERROR:process_reader_win.cc(151)] SuspendThread: 拒绝访问。 (0x5)
[0929/223523.163:ERROR:process_reader_win.cc(123)] NtOpenThread: {无法访问} 过程已请求访问一对象，但未给访问权限。 (0xc0000022)
[0929/223523.163:ERROR:exception_snapshot_win.cc(99)] thread ID 184 not found in process
[1001/201150.998:ERROR:process_reader_win.cc(123)] NtOpenThread: {无法访问} 过程已请求访问一对象，但未给访问权限。 (0xc0000022)
[1001/201150.999:ERROR:exception_snapshot_win.cc(99)] thread ID 3996 not found in process
[1001/201151.023:ERROR:process_reader_win.cc(123)] NtOpenThread: {无法访问} 过程已请求访问一对象，但未给访问权限。 (0xc0000022)
[1001/201151.023:ERROR:exception_snapshot_win.cc(99)] thread ID 14688 not found in process
[1011/172522.845:ERROR:process_reader_win.cc(123)] NtOpenThread: {无法访问} 过程已请求访问一对象，但未给访问权限。 (0xc0000022)
[1011/172522.847:ERROR:exception_snapshot_win.cc(99)] thread ID 4968 not found in process
[1011/172522.938:ERROR:process_reader_win.cc(123)] NtOpenThread: {无法访问} 过程已请求访问一对象，但未给访问权限。 (0xc0000022)
[1011/172522.938:ERROR:exception_snapshot_win.cc(99)] thread ID 5488 not found in process
[1018/015444.305:ERROR:process_reader_win.cc(151)] SuspendThread: 拒绝访问。 (0x5)
[1018/015444.309:ERROR:process_reader_win.cc(151)] SuspendThread: 拒绝访问。 (0x5)
[1018/015444.309:ERROR:process_reader_win.cc(151)] SuspendThread: 拒绝访问。 (0x5)
[1018/015444.311:ERROR:process_reader_win.cc(151)] SuspendThread: 拒绝访问。 (0x5)
[1018/015444.311:ERROR:process_reader_win.cc(151)] SuspendThread: 拒绝访问。 (0x5)
[1018/015444.313:ERROR:process_reader_win.cc(151)] SuspendThread: 拒绝访问。 (0x5)
[1018/015444.313:ERROR:process_reader_win.cc(123)] NtOpenThread: {无法访问} 过程已请求访问一对象，但未给访问权限。 (0xc0000022)
[1018/015444.313:ERROR:exception_snapshot_win.cc(99)] thread ID 17368 not found in process
[1018/015444.338:ERROR:process_reader_win.cc(123)] NtOpenThread: {无法访问} 过程已请求访问一对象，但未给访问权限。 (0xc0000022)
[1018/015444.338:ERROR:exception_snapshot_win.cc(99)] thread ID 5556 not found in process
[1019/125539.715:ERROR:process_reader_win.cc(123)] NtOpenThread: {无法访问} 过程已请求访问一对象，但未给访问权限。 (0xc0000022)
[1019/125539.717:ERROR:exception_snapshot_win.cc(99)] thread ID 14364 not found in process
[1019/125539.780:ERROR:process_reader_win.cc(123)] NtOpenThread: {无法访问} 过程已请求访问一对象，但未给访问权限。 (0xc0000022)
[1019/125539.780:ERROR:exception_snapshot_win.cc(99)] thread ID 7360 not found in process
[1216/005853.536:ERROR:process_reader_win.cc(123)] NtOpenThread: {无法访问} 过程已请求访问一对象，但未给访问权限。 (0xc0000022)
[1216/005853.537:ERROR:exception_snapshot_win.cc(99)] thread ID 25480 not found in process
[1216/005853.609:ERROR:process_reader_win.cc(123)] NtOpenThread: {无法访问} 过程已请求访问一对象，但未给访问权限。 (0xc0000022)
[1216/005853.609:ERROR:exception_snapshot_win.cc(99)] thread ID 23336 not found in process
[1216/005854.548:ERROR:process_reader_win.cc(123)] NtOpenThread: {无法访问} 过程已请求访问一对象，但未给访问权限。 (0xc0000022)
[1216/005854.549:ERROR:exception_snapshot_win.cc(99)] thread ID 21436 not found in process
[1216/005854.620:ERROR:process_reader_win.cc(151)] SuspendThread: 拒绝访问。 (0x5)
[1216/005854.622:ERROR:process_reader_win.cc(151)] SuspendThread: 拒绝访问。 (0x5)
[1216/005854.622:ERROR:process_reader_win.cc(151)] SuspendThread: 拒绝访问。 (0x5)
[1216/005854.623:ERROR:process_reader_win.cc(151)] SuspendThread: 拒绝访问。 (0x5)
[1216/005854.623:ERROR:process_reader_win.cc(123)] NtOpenThread: {无法访问} 过程已请求访问一对象，但未给访问权限。 (0xc0000022)
[1216/005854.623:ERROR:exception_snapshot_win.cc(99)] thread ID 14652 not found in process
[1216/103446.170:ERROR:process_reader_win.cc(123)] NtOpenThread: {无法访问} 过程已请求访问一对象，但未给访问权限。 (0xc0000022)
[1216/103446.172:ERROR:exception_snapshot_win.cc(99)] thread ID 16528 not found in process
[1216/103446.251:ERROR:process_reader_win.cc(123)] NtOpenThread: {无法访问} 过程已请求访问一对象，但未给访问权限。 (0xc0000022)
[1216/103446.251:ERROR:exception_snapshot_win.cc(99)] thread ID 15908 not found in process
[1219/014516.952:ERROR:process_reader_win.cc(123)] NtOpenThread: {无法访问} 过程已请求访问一对象，但未给访问权限。 (0xc0000022)
[1219/014516.953:ERROR:exception_snapshot_win.cc(99)] thread ID 24860 not found in process
[1219/014517.024:ERROR:process_reader_win.cc(123)] NtOpenThread: {无法访问} 过程已请求访问一对象，但未给访问权限。 (0xc0000022)
[1219/014517.024:ERROR:exception_snapshot_win.cc(99)] thread ID 22828 not found in process
[1219/171527.863:ERROR:process_reader_win.cc(151)] SuspendThread: 拒绝访问。 (0x5)
[1219/171527.863:ERROR:process_reader_win.cc(123)] NtOpenThread: {无法访问} 过程已请求访问一对象，但未给访问权限。 (0xc0000022)
[1219/171527.863:ERROR:exception_snapshot_win.cc(99)] thread ID 24952 not found in process
[1219/171527.960:ERROR:process_reader_win.cc(151)] SuspendThread: 拒绝访问。 (0x5)
[1219/171527.973:ERROR:process_reader_win.cc(151)] SuspendThread: 拒绝访问。 (0x5)
[1219/171527.973:ERROR:process_reader_win.cc(151)] SuspendThread: 拒绝访问。 (0x5)
[1219/171527.980:ERROR:process_reader_win.cc(151)] SuspendThread: 拒绝访问。 (0x5)
[1219/171527.980:ERROR:process_reader_win.cc(151)] SuspendThread: 拒绝访问。 (0x5)
[1219/171527.980:ERROR:process_reader_win.cc(123)] NtOpenThread: {无法访问} 过程已请求访问一对象，但未给访问权限。 (0xc0000022)
[1219/171527.980:ERROR:exception_snapshot_win.cc(99)] thread ID 12732 not found in process
[1219/172057.599:ERROR:process_reader_win.cc(123)] NtOpenThread: {无法访问} 过程已请求访问一对象，但未给访问权限。 (0xc0000022)
[1219/172057.600:ERROR:exception_snapshot_win.cc(99)] thread ID 1640 not found in process
[1219/172057.687:ERROR:process_reader_win.cc(123)] NtOpenThread: {无法访问} 过程已请求访问一对象，但未给访问权限。 (0xc0000022)
[1219/172057.687:ERROR:exception_snapshot_win.cc(99)] thread ID 9316 not found in process
[1219/173133.574:ERROR:directory_reader_win.cc(43)] FindFirstFile: 系统找不到指定的路径。 (0x3)
[1228/130147.976:ERROR:process_reader_win.cc(123)] NtOpenThread: {无法访问} 过程已请求访问一对象，但未给访问权限。 (0xc0000022)
[1228/130147.976:ERROR:exception_snapshot_win.cc(99)] thread ID 5228 not found in process
[1228/130148.008:ERROR:process_reader_win.cc(123)] NtOpenThread: {无法访问} 过程已请求访问一对象，但未给访问权限。 (0xc0000022)
[1228/130148.008:ERROR:exception_snapshot_win.cc(99)] thread ID 8308 not found in process
[1228/130148.101:ERROR:process_reader_win.cc(123)] NtOpenThread: {无法访问} 过程已请求访问一对象，但未给访问权限。 (0xc0000022)
[1228/130148.101:ERROR:exception_snapshot_win.cc(99)] thread ID 6116 not found in process
[1228/152415.107:ERROR:process_reader_win.cc(123)] NtOpenThread: {无法访问} 过程已请求访问一对象，但未给访问权限。 (0xc0000022)
[1228/152415.108:ERROR:exception_snapshot_win.cc(99)] thread ID 13604 not found in process
[1228/152415.222:ERROR:process_reader_win.cc(123)] NtOpenThread: {无法访问} 过程已请求访问一对象，但未给访问权限。 (0xc0000022)
[1228/152415.222:ERROR:exception_snapshot_win.cc(99)] thread ID 4892 not found in process
[1231/142310.708:ERROR:process_reader_win.cc(123)] NtOpenThread: {无法访问} 过程已请求访问一对象，但未给访问权限。 (0xc0000022)
[1231/142310.711:ERROR:exception_snapshot_win.cc(99)] thread ID 4272 not found in process
[1231/142310.796:ERROR:process_reader_win.cc(123)] NtOpenThread: {无法访问} 过程已请求访问一对象，但未给访问权限。 (0xc0000022)
[1231/142310.796:ERROR:exception_snapshot_win.cc(99)] thread ID 10760 not found in process
[0101/013052.323:ERROR:process_reader_win.cc(123)] NtOpenThread: {无法访问} 过程已请求访问一对象，但未给访问权限。 (0xc0000022)
[0101/013052.324:ERROR:exception_snapshot_win.cc(99)] thread ID 16168 not found in process
[0101/013052.393:ERROR:process_reader_win.cc(123)] NtOpenThread: {无法访问} 过程已请求访问一对象，但未给访问权限。 (0xc0000022)
[0101/013052.394:ERROR:exception_snapshot_win.cc(99)] thread ID 14528 not found in process
[0101/013637.644:ERROR:process_reader_win.cc(123)] NtOpenThread: {无法访问} 过程已请求访问一对象，但未给访问权限。 (0xc0000022)
[0101/013637.647:ERROR:exception_snapshot_win.cc(99)] thread ID 16088 not found in process
[0101/013637.733:ERROR:process_reader_win.cc(123)] NtOpenThread: {无法访问} 过程已请求访问一对象，但未给访问权限。 (0xc0000022)
[0101/013637.733:ERROR:exception_snapshot_win.cc(99)] thread ID 13488 not found in process
[0101/014740.602:ERROR:process_reader_win.cc(123)] NtOpenThread: {无法访问} 过程已请求访问一对象，但未给访问权限。 (0xc0000022)
[0101/014740.603:ERROR:exception_snapshot_win.cc(99)] thread ID 6804 not found in process
[0101/014740.687:ERROR:process_reader_win.cc(123)] NtOpenThread: {无法访问} 过程已请求访问一对象，但未给访问权限。 (0xc0000022)
[0101/014740.687:ERROR:exception_snapshot_win.cc(99)] thread ID 5732 not found in process
[0101/015459.010:ERROR:process_reader_win.cc(123)] NtOpenThread: {无法访问} 过程已请求访问一对象，但未给访问权限。 (0xc0000022)
[0101/015459.011:ERROR:exception_snapshot_win.cc(99)] thread ID 13608 not found in process
[0101/015459.083:ERROR:process_reader_win.cc(123)] NtOpenThread: {无法访问} 过程已请求访问一对象，但未给访问权限。 (0xc0000022)
[0101/015459.083:ERROR:exception_snapshot_win.cc(99)] thread ID 15772 not found in process
